0 info it worked if it ends with ok
1 verbose cli [ '/usr/local/Cellar/node/7.5.0/bin/node',
1 verbose cli   '/usr/local/bin/npm',
1 verbose cli   'run',
1 verbose cli   'deploy' ]
2 info using npm@4.1.2
3 info using node@v7.5.0
4 verbose run-script [ 'predeploy', 'deploy', 'postdeploy' ]
5 info lifecycle landscape-0@1.0.0~predeploy: landscape-0@1.0.0
6 silly lifecycle landscape-0@1.0.0~predeploy: no script for predeploy, continuing
7 info lifecycle landscape-0@1.0.0~deploy: landscape-0@1.0.0
8 verbose lifecycle landscape-0@1.0.0~deploy: unsafe-perm in lifecycle true
9 verbose lifecycle landscape-0@1.0.0~deploy: PATH: /usr/local/lib/node_modules/npm/bin/node-gyp-bin:/Users/nickwarner/repositories/nikolaiwarner/landscapes/landscape-0/node_modules/.bin:/usr/local/bin:/usr/bin:/bin:/usr/sbin:/sbin:/opt/X11/bin:/Users/nickwarner/Library/Android/sdk/tools:/Users/nickwarner/Library/Android/sdk/platform-tools:/usr/local/Cellar/node/7.5.0/bin
10 verbose lifecycle landscape-0@1.0.0~deploy: CWD: /Users/nickwarner/repositories/nikolaiwarner/landscapes/landscape-0
11 silly lifecycle landscape-0@1.0.0~deploy: Args: [ '-c', 'ghpages' ]
12 silly lifecycle landscape-0@1.0.0~deploy: Returned: code: 1  signal: null
13 info lifecycle landscape-0@1.0.0~deploy: Failed to exec deploy script
14 verbose stack Error: landscape-0@1.0.0 deploy: `ghpages`
14 verbose stack Exit status 1
14 verbose stack     at EventEmitter.<anonymous> (/usr/local/lib/node_modules/npm/lib/utils/lifecycle.js:279:16)
14 verbose stack     at emitTwo (events.js:106:13)
14 verbose stack     at EventEmitter.emit (events.js:192:7)
14 verbose stack     at ChildProcess.<anonymous> (/usr/local/lib/node_modules/npm/lib/utils/spawn.js:40:14)
14 verbose stack     at emitTwo (events.js:106:13)
14 verbose stack     at ChildProcess.emit (events.js:192:7)
14 verbose stack     at maybeClose (internal/child_process.js:890:16)
14 verbose stack     at Process.ChildProcess._handle.onexit (internal/child_process.js:226:5)
15 verbose pkgid landscape-0@1.0.0
16 verbose cwd /Users/nickwarner/repositories/nikolaiwarner/landscapes/landscape-0
17 error Darwin 16.4.0
18 error argv "/usr/local/Cellar/node/7.5.0/bin/node" "/usr/local/bin/npm" "run" "deploy"
19 error node v7.5.0
20 error npm  v4.1.2
21 error code ELIFECYCLE
22 error landscape-0@1.0.0 deploy: `ghpages`
22 error Exit status 1
23 error Failed at the landscape-0@1.0.0 deploy script 'ghpages'.
23 error Make sure you have the latest version of node.js and npm installed.
23 error If you do, this is most likely a problem with the landscape-0 package,
23 error not with npm itself.
23 error Tell the author that this fails on your system:
23 error     ghpages
23 error You can get information on how to open an issue for this project with:
23 error     npm bugs landscape-0
23 error Or if that isn't available, you can get their info via:
23 error     npm owner ls landscape-0
23 error There is likely additional logging output above.
24 verbose exit [ 1, true ]
